<?xml version="1.0" encoding="UTF-8"?>
<Site BuildName="(empty)"
	BuildStamp="20231125-0115-Experimental"
	Name="anas-virtual-machine"
	Generator="ctest-3.22.1"
	CompilerName="/usr/bin/g++"
	CompilerVersion="11.4.0"
	OSName="Linux"
	Hostname="anas-virtual-machine"
	OSRelease="6.2.0-37-generic"
	OSVersion="#38~22.04.1-Ubuntu SMP PREEMPT_DYNAMIC Thu Nov  2 18:01:13 UTC 2"
	OSPlatform="x86_64"
	Is64Bits="1"
	VendorString="GenuineIntel"
	VendorID="Intel Corporation"
	FamilyID="6"
	ModelID="158"
	ProcessorCacheSize="12288"
	NumberOfLogicalCPU="8"
	NumberOfPhysicalCPU="8"
	TotalVirtualMemory="3897"
	TotalPhysicalMemory="3871"
	LogicalProcessorsPerPhysical="1"
	ProcessorClockFrequency="2592.01"
	>
	<Testing>
		<StartDateTime>Nov 25 03:38 CET</StartDateTime>
		<StartTestTime>1700879890</StartTestTime>
		<TestList/>
		<EndDateTime>Nov 25 03:38 CET</EndDateTime>
		<EndTestTime>1700879890</EndTestTime>
		<ElapsedMinutes>0</ElapsedMinutes>
	</Testing>
</Site>
